# JRE version: OpenJDK Runtime Environment (17.0.10) (build 17.0.10+0--11609105)
# Java VM: OpenJDK 64-Bit Server VM (17.0.10+0--11609105, mixed mode, tiered, compressed oops, compressed class ptrs, g1 gc, windows-amd64)
GC Precious Log:
 CPUs: 8 total, 8 available
 Memory: 5989M
 Large Page Support: Disabled
 NUMA Support: Disabled
 Compressed Oops: Enabled (32-bit)
 Heap Region Size: 1M
 Heap Min Capacity: 8M
 Heap Initial Capacity: 94M
 Heap Max Capacity: 1498M
 Pre-touch: Disabled
 Parallel Workers: 8
 Concurrent Workers: 2
 Concurrent Refinement Workers: 8
 Periodic GC: Disabled
Heap:
 garbage-first heap   total 60416K, used 37806K [0x00000000a2600000, 0x0000000100000000)
  region size 1024K, 17 young (17408K), 3 survivors (3072K)
 Metaspace       used 43448K, committed 43712K, reserved 1114112K
  class space    used 5286K, committed 5376K, reserved 1048576K
GC Heap History (18 events):
Event: 0.729 GC heap before
{Heap before GC invocations=0 (full 0):
 garbage-first heap   total 96256K, used 27648K [0x00000000a2600000, 0x0000000100000000)
  region size 1024K, 23 young (23552K), 0 survivors (0K)
 Metaspace       used 13349K, committed 13440K, reserved 1114112K
  class space    used 1286K, committed 1344K, reserved 1048576K
}
Event: 0.734 GC heap after
{Heap after GC invocations=1 (full 0):
 garbage-first heap   total 96256K, used 6784K [0x00000000a2600000, 0x0000000100000000)
  region size 1024K, 3 young (3072K), 3 survivors (3072K)
 Metaspace       used 13349K, committed 13440K, reserved 1114112K
  class space    used 1286K, committed 1344K, reserved 1048576K
}
Event: 1.754 GC heap before
{Heap before GC invocations=1 (full 0):
 garbage-first heap   total 96256K, used 40576K [0x00000000a2600000, 0x0000000100000000)
  region size 1024K, 37 young (37888K), 3 survivors (3072K)
 Metaspace       used 21349K, committed 21504K, reserved 1114112K
  class space    used 2329K, committed 2432K, reserved 1048576K
}
Event: 1.772 GC heap after
{Heap after GC invocations=2 (full 0):
 garbage-first heap   total 96256K, used 10469K [0x00000000a2600000, 0x0000000100000000)
  region size 1024K, 4 young (4096K), 4 survivors (4096K)
 Metaspace       used 21349K, committed 21504K, reserved 1114112K
  class space    used 2329K, committed 2432K, reserved 1048576K
}
Event: 2.327 GC heap before
{Heap before GC invocations=3 (full 0):
 garbage-first heap   total 40960K, used 30949K [0x00000000a2600000, 0x0000000100000000)
  region size 1024K, 24 young (24576K), 4 survivors (4096K)
 Metaspace       used 27815K, committed 28032K, reserved 1114112K
  class space    used 3298K, committed 3392K, reserved 1048576K
}
Event: 2.335 GC heap after
{Heap after GC invocations=4 (full 0):
 garbage-first heap   total 40960K, used 11232K [0x00000000a2600000, 0x0000000100000000)
  region size 1024K, 1 young (1024K), 1 survivors (1024K)
 Metaspace       used 27815K, committed 28032K, reserved 1114112K
  class space    used 3298K, committed 3392K, reserved 1048576K
}
Event: 2.364 GC heap before
{Heap before GC invocations=4 (full 0):
 garbage-first heap   total 40960K, used 12256K [0x00000000a2600000, 0x0000000100000000)
  region size 1024K, 2 young (2048K), 1 survivors (1024K)
 Metaspace       used 28293K, committed 28480K, reserved 1114112K
  class space    used 3462K, committed 3520K, reserved 1048576K
}
Event: 2.368 GC heap after
{Heap after GC invocations=5 (full 0):
 garbage-first heap   total 40960K, used 11562K [0x00000000a2600000, 0x0000000100000000)
  region size 1024K, 1 young (1024K), 1 survivors (1024K)
 Metaspace       used 28293K, committed 28480K, reserved 1114112K
  class space    used 3462K, committed 3520K, reserved 1048576K
}
Event: 2.786 GC heap before
{Heap before GC invocations=5 (full 0):
 garbage-first heap   total 40960K, used 31018K [0x00000000a2600000, 0x0000000100000000)
  region size 1024K, 20 young (20480K), 1 survivors (1024K)
 Metaspace       used 29528K, committed 29760K, reserved 1114112K
  class space    used 3621K, committed 3712K, reserved 1048576K
}
Event: 2.796 GC heap after
{Heap after GC invocations=6 (full 0):
 garbage-first heap   total 40960K, used 16080K [0x00000000a2600000, 0x0000000100000000)
  region size 1024K, 3 young (3072K), 3 survivors (3072K)
 Metaspace       used 29528K, committed 29760K, reserved 1114112K
  class space    used 3621K, committed 3712K, reserved 1048576K
}
Event: 3.011 GC heap before
{Heap before GC invocations=6 (full 0):
 garbage-first heap   total 40960K, used 31440K [0x00000000a2600000, 0x0000000100000000)
  region size 1024K, 17 young (17408K), 3 survivors (3072K)
 Metaspace       used 30873K, committed 31168K, reserved 1114112K
  class space    used 3963K, committed 4096K, reserved 1048576K
}
Event: 3.021 GC heap after
{Heap after GC invocations=7 (full 0):
 garbage-first heap   total 60416K, used 21504K [0x00000000a2600000, 0x0000000100000000)
  region size 1024K, 3 young (3072K), 3 survivors (3072K)
 Metaspace       used 30873K, committed 31168K, reserved 1114112K
  class space    used 3963K, committed 4096K, reserved 1048576K
}
Event: 3.419 GC heap before
{Heap before GC invocations=7 (full 0):
 garbage-first heap   total 60416K, used 43008K [0x00000000a2600000, 0x0000000100000000)
  region size 1024K, 24 young (24576K), 3 survivors (3072K)
 Metaspace       used 35540K, committed 35776K, reserved 1114112K
  class space    used 4490K, committed 4608K, reserved 1048576K
}
Event: 3.427 GC heap after
{Heap after GC invocations=8 (full 0):
 garbage-first heap   total 60416K, used 22019K [0x00000000a2600000, 0x0000000100000000)
  region size 1024K, 3 young (3072K), 3 survivors (3072K)
 Metaspace       used 35540K, committed 35776K, reserved 1114112K
  class space    used 4490K, committed 4608K, reserved 1048576K
}
Event: 3.441 GC heap before
{Heap before GC invocations=8 (full 0):
 garbage-first heap   total 60416K, used 23043K [0x00000000a2600000, 0x0000000100000000)
  region size 1024K, 5 young (5120K), 3 survivors (3072K)
 Metaspace       used 35772K, committed 35968K, reserved 1114112K
  class space    used 4516K, committed 4608K, reserved 1048576K
}
Event: 3.446 GC heap after
{Heap after GC invocations=9 (full 0):
 garbage-first heap   total 60416K, used 22483K [0x00000000a2600000, 0x0000000100000000)
  region size 1024K, 1 young (1024K), 1 survivors (1024K)
 Metaspace       used 35772K, committed 35968K, reserved 1114112K
  class space    used 4516K, committed 4608K, reserved 1048576K
}
Event: 3.940 GC heap before
{Heap before GC invocations=10 (full 0):
 garbage-first heap   total 60416K, used 42963K [0x00000000a2600000, 0x0000000100000000)
  region size 1024K, 22 young (22528K), 1 survivors (1024K)
 Metaspace       used 40141K, committed 40320K, reserved 1114112K
  class space    used 4903K, committed 4992K, reserved 1048576K
}
Event: 3.948 GC heap after
{Heap after GC invocations=11 (full 0):
 garbage-first heap   total 60416K, used 24494K [0x00000000a2600000, 0x0000000100000000)
  region size 1024K, 3 young (3072K), 3 survivors (3072K)
 Metaspace       used 40141K, committed 40320K, reserved 1114112K
  class space    used 4903K, committed 4992K, reserved 1048576K
}

