# JRE version: OpenJDK Runtime Environment (17.0.10) (build 17.0.10+0--11609105)
# Java VM: OpenJDK 64-Bit Server VM (17.0.10+0--11609105, mixed mode, tiered, compressed oops, compressed class ptrs, g1 gc, windows-amd64)
GC Precious Log:
 CPUs: 8 total, 8 available
 Memory: 5989M
 Large Page Support: Disabled
 NUMA Support: Disabled
 Compressed Oops: Enabled (32-bit)
 Heap Region Size: 1M
 Heap Min Capacity: 8M
 Heap Initial Capacity: 94M
 Heap Max Capacity: 1498M
 Pre-touch: Disabled
 Parallel Workers: 8
 Concurrent Workers: 2
 Concurrent Refinement Workers: 8
 Periodic GC: Disabled
Heap:
 garbage-first heap   total 96256K, used 48128K [0x00000000a2600000, 0x0000000100000000)
  region size 1024K, 2 young (2048K), 2 survivors (2048K)
 Metaspace       used 57969K, committed 58240K, reserved 1114112K
  class space    used 6861K, committed 6976K, reserved 1048576K
GC Heap History (20 events):
Event: 5.495 GC heap after
{Heap after GC invocations=11 (full 0):
 garbage-first heap   total 59392K, used 24103K [0x00000000a2600000, 0x0000000100000000)
  region size 1024K, 2 young (2048K), 2 survivors (2048K)
 Metaspace       used 44599K, committed 44800K, reserved 1114112K
  class space    used 5438K, committed 5568K, reserved 1048576K
}
Event: 5.840 GC heap before
{Heap before GC invocations=11 (full 0):
 garbage-first heap   total 59392K, used 45607K [0x00000000a2600000, 0x0000000100000000)
  region size 1024K, 22 young (22528K), 2 survivors (2048K)
 Metaspace       used 46299K, committed 46528K, reserved 1114112K
  class space    used 5612K, committed 5696K, reserved 1048576K
}
Event: 5.849 GC heap after
{Heap after GC invocations=12 (full 0):
 garbage-first heap   total 71680K, used 28322K [0x00000000a2600000, 0x0000000100000000)
  region size 1024K, 3 young (3072K), 3 survivors (3072K)
 Metaspace       used 46299K, committed 46528K, reserved 1114112K
  class space    used 5612K, committed 5696K, reserved 1048576K
}
Event: 6.142 GC heap before
{Heap before GC invocations=12 (full 0):
 garbage-first heap   total 71680K, used 53922K [0x00000000a2600000, 0x0000000100000000)
  region size 1024K, 27 young (27648K), 3 survivors (3072K)
 Metaspace       used 47831K, committed 48064K, reserved 1114112K
  class space    used 5782K, committed 5888K, reserved 1048576K
}
Event: 6.151 GC heap after
{Heap after GC invocations=13 (full 0):
 garbage-first heap   total 71680K, used 32341K [0x00000000a2600000, 0x0000000100000000)
  region size 1024K, 2 young (2048K), 2 survivors (2048K)
 Metaspace       used 47831K, committed 48064K, reserved 1114112K
  class space    used 5782K, committed 5888K, reserved 1048576K
}
Event: 6.777 GC heap before
{Heap before GC invocations=13 (full 0):
 garbage-first heap   total 71680K, used 53845K [0x00000000a2600000, 0x0000000100000000)
  region size 1024K, 24 young (24576K), 2 survivors (2048K)
 Metaspace       used 50366K, committed 50560K, reserved 1114112K
  class space    used 6070K, committed 6144K, reserved 1048576K
}
Event: 6.790 GC heap after
{Heap after GC invocations=14 (full 0):
 garbage-first heap   total 71680K, used 37159K [0x00000000a2600000, 0x0000000100000000)
  region size 1024K, 3 young (3072K), 3 survivors (3072K)
 Metaspace       used 50366K, committed 50560K, reserved 1114112K
  class space    used 6070K, committed 6144K, reserved 1048576K
}
Event: 7.577 GC heap before
{Heap before GC invocations=14 (full 0):
 garbage-first heap   total 71680K, used 54567K [0x00000000a2600000, 0x0000000100000000)
  region size 1024K, 20 young (20480K), 3 survivors (3072K)
 Metaspace       used 54636K, committed 54848K, reserved 1114112K
  class space    used 6541K, committed 6656K, reserved 1048576K
}
Event: 7.588 GC heap after
{Heap after GC invocations=15 (full 0):
 garbage-first heap   total 71680K, used 39818K [0x00000000a2600000, 0x0000000100000000)
  region size 1024K, 3 young (3072K), 3 survivors (3072K)
 Metaspace       used 54636K, committed 54848K, reserved 1114112K
  class space    used 6541K, committed 6656K, reserved 1048576K
}
Event: 8.383 GC heap before
{Heap before GC invocations=16 (full 0):
 garbage-first heap   total 71680K, used 55178K [0x00000000a2600000, 0x0000000100000000)
  region size 1024K, 18 young (18432K), 3 survivors (3072K)
 Metaspace       used 55392K, committed 55616K, reserved 1114112K
  class space    used 6567K, committed 6656K, reserved 1048576K
}
Event: 8.395 GC heap after
{Heap after GC invocations=17 (full 0):
 garbage-first heap   total 86016K, used 42874K [0x00000000a2600000, 0x0000000100000000)
  region size 1024K, 3 young (3072K), 3 survivors (3072K)
 Metaspace       used 55392K, committed 55616K, reserved 1114112K
  class space    used 6567K, committed 6656K, reserved 1048576K
}
Event: 8.437 GC heap before
{Heap before GC invocations=17 (full 0):
 garbage-first heap   total 86016K, used 43898K [0x00000000a2600000, 0x0000000100000000)
  region size 1024K, 4 young (4096K), 3 survivors (3072K)
 Metaspace       used 55417K, committed 55680K, reserved 1114112K
  class space    used 6567K, committed 6656K, reserved 1048576K
}
Event: 8.446 GC heap after
{Heap after GC invocations=18 (full 0):
 garbage-first heap   total 86016K, used 40311K [0x00000000a2600000, 0x0000000100000000)
  region size 1024K, 1 young (1024K), 1 survivors (1024K)
 Metaspace       used 55417K, committed 55680K, reserved 1114112K
  class space    used 6567K, committed 6656K, reserved 1048576K
}
Event: 9.368 GC heap before
{Heap before GC invocations=18 (full 0):
 garbage-first heap   total 86016K, used 63863K [0x00000000a2600000, 0x0000000100000000)
  region size 1024K, 24 young (24576K), 1 survivors (1024K)
 Metaspace       used 55871K, committed 56064K, reserved 1114112K
  class space    used 6587K, committed 6656K, reserved 1048576K
}
Event: 9.388 GC heap after
{Heap after GC invocations=19 (full 0):
 garbage-first heap   total 86016K, used 45056K [0x00000000a2600000, 0x0000000100000000)
  region size 1024K, 3 young (3072K), 3 survivors (3072K)
 Metaspace       used 55871K, committed 56064K, reserved 1114112K
  class space    used 6587K, committed 6656K, reserved 1048576K
}
Event: 9.634 GC heap before
{Heap before GC invocations=20 (full 0):
 garbage-first heap   total 86016K, used 65536K [0x00000000a2600000, 0x0000000100000000)
  region size 1024K, 23 young (23552K), 3 survivors (3072K)
 Metaspace       used 56076K, committed 56320K, reserved 1114112K
  class space    used 6607K, committed 6720K, reserved 1048576K
}
Event: 9.645 GC heap after
{Heap after GC invocations=21 (full 0):
 garbage-first heap   total 86016K, used 46792K [0x00000000a2600000, 0x0000000100000000)
  region size 1024K, 2 young (2048K), 2 survivors (2048K)
 Metaspace       used 56076K, committed 56320K, reserved 1114112K
  class space    used 6607K, committed 6720K, reserved 1048576K
}
Event: 9.649 GC heap before
{Heap before GC invocations=21 (full 0):
 garbage-first heap   total 86016K, used 48840K [0x00000000a2600000, 0x0000000100000000)
  region size 1024K, 4 young (4096K), 2 survivors (2048K)
 Metaspace       used 56076K, committed 56320K, reserved 1114112K
  class space    used 6607K, committed 6720K, reserved 1048576K
}
Event: 9.655 GC heap after
{Heap after GC invocations=22 (full 0):
 garbage-first heap   total 86016K, used 46370K [0x00000000a2600000, 0x0000000100000000)
  region size 1024K, 1 young (1024K), 1 survivors (1024K)
 Metaspace       used 56076K, committed 56320K, reserved 1114112K
  class space    used 6607K, committed 6720K, reserved 1048576K
}
Event: 10.164 GC heap before
{Heap before GC invocations=22 (full 0):
 garbage-first heap   total 86016K, used 66850K [0x00000000a2600000, 0x0000000100000000)
  region size 1024K, 21 young (21504K), 1 survivors (1024K)
 Metaspace       used 57969K, committed 58240K, reserved 1114112K
  class space    used 6861K, committed 6976K, reserved 1048576K
}

