# JRE version: OpenJDK Runtime Environment (17.0.10) (build 17.0.10+0--11609105)
# Java VM: OpenJDK 64-Bit Server VM (17.0.10+0--11609105, mixed mode, tiered, compressed oops, compressed class ptrs, g1 gc, windows-amd64)
GC Precious Log:
 CPUs: 8 total, 8 available
 Memory: 5989M
 Large Page Support: Disabled
 NUMA Support: Disabled
 Compressed Oops: Enabled (32-bit)
 Heap Region Size: 1M
 Heap Min Capacity: 8M
 Heap Initial Capacity: 94M
 Heap Max Capacity: 1498M
 Pre-touch: Disabled
 Parallel Workers: 8
 Concurrent Workers: 2
 Concurrent Refinement Workers: 8
 Periodic GC: Disabled
Heap:
 garbage-first heap   total 209920K, used 169814K [0x00000000a2600000, 0x0000000100000000)
  region size 1024K, 55 young (56320K), 5 survivors (5120K)
 Metaspace       used 78752K, committed 79168K, reserved 1179648K
  class space    used 8680K, committed 8896K, reserved 1048576K
GC Heap History (20 events):
Event: 23.284 GC heap before
{Heap before GC invocations=29 (full 0):
 garbage-first heap   total 209920K, used 147718K [0x00000000a2600000, 0x0000000100000000)
  region size 1024K, 90 young (92160K), 12 survivors (12288K)
 Metaspace       used 65257K, committed 65536K, reserved 1114112K
  class space    used 7321K, committed 7424K, reserved 1048576K
}
Event: 23.312 GC heap after
{Heap after GC invocations=30 (full 0):
 garbage-first heap   total 209920K, used 77057K [0x00000000a2600000, 0x0000000100000000)
  region size 1024K, 10 young (10240K), 10 survivors (10240K)
 Metaspace       used 65257K, committed 65536K, reserved 1114112K
  class space    used 7321K, committed 7424K, reserved 1048576K
}
Event: 28.807 GC heap before
{Heap before GC invocations=30 (full 0):
 garbage-first heap   total 209920K, used 152833K [0x00000000a2600000, 0x0000000100000000)
  region size 1024K, 84 young (86016K), 10 survivors (10240K)
 Metaspace       used 65857K, committed 66176K, reserved 1114112K
  class space    used 7343K, committed 7488K, reserved 1048576K
}
Event: 28.827 GC heap after
{Heap after GC invocations=31 (full 0):
 garbage-first heap   total 209920K, used 82230K [0x00000000a2600000, 0x0000000100000000)
  region size 1024K, 6 young (6144K), 6 survivors (6144K)
 Metaspace       used 65857K, committed 66176K, reserved 1114112K
  class space    used 7343K, committed 7488K, reserved 1048576K
}
Event: 31.549 GC heap before
{Heap before GC invocations=31 (full 0):
 garbage-first heap   total 209920K, used 160054K [0x00000000a2600000, 0x0000000100000000)
  region size 1024K, 82 young (83968K), 6 survivors (6144K)
 Metaspace       used 66284K, committed 66560K, reserved 1114112K
  class space    used 7360K, committed 7488K, reserved 1048576K
}
Event: 31.565 GC heap after
{Heap after GC invocations=32 (full 0):
 garbage-first heap   total 209920K, used 85864K [0x00000000a2600000, 0x0000000100000000)
  region size 1024K, 9 young (9216K), 9 survivors (9216K)
 Metaspace       used 66284K, committed 66560K, reserved 1114112K
  class space    used 7360K, committed 7488K, reserved 1048576K
}
Event: 35.377 GC heap before
{Heap before GC invocations=32 (full 0):
 garbage-first heap   total 209920K, used 165736K [0x00000000a2600000, 0x0000000100000000)
  region size 1024K, 87 young (89088K), 9 survivors (9216K)
 Metaspace       used 66692K, committed 66944K, reserved 1114112K
  class space    used 7369K, committed 7488K, reserved 1048576K
}
Event: 35.397 GC heap after
{Heap after GC invocations=33 (full 0):
 garbage-first heap   total 209920K, used 90690K [0x00000000a2600000, 0x0000000100000000)
  region size 1024K, 9 young (9216K), 9 survivors (9216K)
 Metaspace       used 66692K, committed 66944K, reserved 1114112K
  class space    used 7369K, committed 7488K, reserved 1048576K
}
Event: 41.778 GC heap before
{Heap before GC invocations=33 (full 0):
 garbage-first heap   total 209920K, used 168514K [0x00000000a2600000, 0x0000000100000000)
  region size 1024K, 85 young (87040K), 9 survivors (9216K)
 Metaspace       used 66938K, committed 67200K, reserved 1114112K
  class space    used 7370K, committed 7488K, reserved 1048576K
}
Event: 41.798 GC heap after
{Heap after GC invocations=34 (full 0):
 garbage-first heap   total 209920K, used 95429K [0x00000000a2600000, 0x0000000100000000)
  region size 1024K, 9 young (9216K), 9 survivors (9216K)
 Metaspace       used 66938K, committed 67200K, reserved 1114112K
  class space    used 7370K, committed 7488K, reserved 1048576K
}
Event: 44.790 GC heap before
{Heap before GC invocations=34 (full 0):
 garbage-first heap   total 209920K, used 170181K [0x00000000a2600000, 0x0000000100000000)
  region size 1024K, 82 young (83968K), 9 survivors (9216K)
 Metaspace       used 67747K, committed 68160K, reserved 1114112K
  class space    used 7469K, committed 7680K, reserved 1048576K
}
Event: 44.813 GC heap after
{Heap after GC invocations=35 (full 0):
 garbage-first heap   total 209920K, used 100625K [0x00000000a2600000, 0x0000000100000000)
  region size 1024K, 10 young (10240K), 10 survivors (10240K)
 Metaspace       used 67747K, committed 68160K, reserved 1114112K
  class space    used 7469K, committed 7680K, reserved 1048576K
}
Event: 47.505 GC heap before
{Heap before GC invocations=35 (full 0):
 garbage-first heap   total 209920K, used 172305K [0x00000000a2600000, 0x0000000100000000)
  region size 1024K, 80 young (81920K), 10 survivors (10240K)
 Metaspace       used 67954K, committed 68352K, reserved 1114112K
  class space    used 7475K, committed 7680K, reserved 1048576K
}
Event: 47.529 GC heap after
{Heap after GC invocations=36 (full 0):
 garbage-first heap   total 209920K, used 106184K [0x00000000a2600000, 0x0000000100000000)
  region size 1024K, 10 young (10240K), 10 survivors (10240K)
 Metaspace       used 67954K, committed 68352K, reserved 1114112K
  class space    used 7475K, committed 7680K, reserved 1048576K
}
Event: 55.958 GC heap before
{Heap before GC invocations=36 (full 0):
 garbage-first heap   total 209920K, used 173768K [0x00000000a2600000, 0x0000000100000000)
  region size 1024K, 76 young (77824K), 10 survivors (10240K)
 Metaspace       used 71562K, committed 72000K, reserved 1114112K
  class space    used 8004K, committed 8256K, reserved 1048576K
}
Event: 55.992 GC heap after
{Heap after GC invocations=37 (full 0):
 garbage-first heap   total 209920K, used 114102K [0x00000000a2600000, 0x0000000100000000)
  region size 1024K, 10 young (10240K), 10 survivors (10240K)
 Metaspace       used 71562K, committed 72000K, reserved 1114112K
  class space    used 8004K, committed 8256K, reserved 1048576K
}
Event: 56.563 GC heap before
{Heap before GC invocations=37 (full 0):
 garbage-first heap   total 209920K, used 171446K [0x00000000a2600000, 0x0000000100000000)
  region size 1024K, 66 young (67584K), 10 survivors (10240K)
 Metaspace       used 71646K, committed 72064K, reserved 1114112K
  class space    used 8004K, committed 8256K, reserved 1048576K
}
Event: 56.580 GC heap after
{Heap after GC invocations=38 (full 0):
 garbage-first heap   total 209920K, used 117016K [0x00000000a2600000, 0x0000000100000000)
  region size 1024K, 2 young (2048K), 2 survivors (2048K)
 Metaspace       used 71646K, committed 72064K, reserved 1114112K
  class space    used 8004K, committed 8256K, reserved 1048576K
}
Event: 61.633 GC heap before
{Heap before GC invocations=38 (full 0):
 garbage-first heap   total 209920K, used 173336K [0x00000000a2600000, 0x0000000100000000)
  region size 1024K, 57 young (58368K), 2 survivors (2048K)
 Metaspace       used 77695K, committed 78144K, reserved 1179648K
  class space    used 8600K, committed 8832K, reserved 1048576K
}
Event: 61.647 GC heap after
{Heap after GC invocations=39 (full 0):
 garbage-first heap   total 209920K, used 119638K [0x00000000a2600000, 0x0000000100000000)
  region size 1024K, 5 young (5120K), 5 survivors (5120K)
 Metaspace       used 77695K, committed 78144K, reserved 1179648K
  class space    used 8600K, committed 8832K, reserved 1048576K
}

