# JRE version: OpenJDK Runtime Environment (17.0.10) (build 17.0.10+0--11609105)
# Java VM: OpenJDK 64-Bit Server VM (17.0.10+0--11609105, mixed mode, tiered, compressed oops, compressed class ptrs, g1 gc, windows-amd64)
GC Precious Log:
 CPUs: 8 total, 8 available
 Memory: 5989M
 Large Page Support: Disabled
 NUMA Support: Disabled
 Compressed Oops: Enabled (32-bit)
 Heap Region Size: 1M
 Heap Min Capacity: 8M
 Heap Initial Capacity: 94M
 Heap Max Capacity: 2G
 Pre-touch: Disabled
 Parallel Workers: 8
 Concurrent Workers: 2
 Concurrent Refinement Workers: 8
 Periodic GC: Disabled
Heap:
 garbage-first heap   total 273408K, used 161411K [0x0000000080000000, 0x0000000100000000)
  region size 1024K, 5 young (5120K), 5 survivors (5120K)
 Metaspace       used 172846K, committed 173760K, reserved 1245184K
  class space    used 22402K, committed 22848K, reserved 1048576K
GC Heap History (20 events):
Event: 75.063 GC heap after
{Heap after GC invocations=68 (full 0):
 garbage-first heap   total 265216K, used 156833K [0x0000000080000000, 0x0000000100000000)
  region size 1024K, 4 young (4096K), 4 survivors (4096K)
 Metaspace       used 145680K, committed 146496K, reserved 1179648K
  class space    used 18600K, committed 19008K, reserved 1048576K
}
Event: 77.203 GC heap before
{Heap before GC invocations=69 (full 0):
 garbage-first heap   total 273408K, used 220321K [0x0000000080000000, 0x0000000100000000)
  region size 1024K, 65 young (66560K), 4 survivors (4096K)
 Metaspace       used 150119K, committed 150848K, reserved 1245184K
  class space    used 19419K, committed 19776K, reserved 1048576K
}
Event: 77.210 GC heap after
{Heap after GC invocations=70 (full 0):
 garbage-first heap   total 273408K, used 158255K [0x0000000080000000, 0x0000000100000000)
  region size 1024K, 6 young (6144K), 6 survivors (6144K)
 Metaspace       used 150119K, committed 150848K, reserved 1245184K
  class space    used 19419K, committed 19776K, reserved 1048576K
}
Event: 77.432 GC heap before
{Heap before GC invocations=70 (full 0):
 garbage-first heap   total 273408K, used 165423K [0x0000000080000000, 0x0000000100000000)
  region size 1024K, 13 young (13312K), 6 survivors (6144K)
 Metaspace       used 150620K, committed 151424K, reserved 1245184K
  class space    used 19492K, committed 19904K, reserved 1048576K
}
Event: 77.477 GC heap after
{Heap after GC invocations=71 (full 0):
 garbage-first heap   total 273408K, used 157487K [0x0000000080000000, 0x0000000100000000)
  region size 1024K, 1 young (1024K), 1 survivors (1024K)
 Metaspace       used 150620K, committed 151424K, reserved 1245184K
  class space    used 19492K, committed 19904K, reserved 1048576K
}
Event: 80.396 GC heap before
{Heap before GC invocations=71 (full 0):
 garbage-first heap   total 273408K, used 229167K [0x0000000080000000, 0x0000000100000000)
  region size 1024K, 71 young (72704K), 1 survivors (1024K)
 Metaspace       used 155600K, committed 156480K, reserved 1245184K
  class space    used 20245K, committed 20672K, reserved 1048576K
}
Event: 80.405 GC heap after
{Heap after GC invocations=72 (full 0):
 garbage-first heap   total 273408K, used 153485K [0x0000000080000000, 0x0000000100000000)
  region size 1024K, 5 young (5120K), 5 survivors (5120K)
 Metaspace       used 155600K, committed 156480K, reserved 1245184K
  class space    used 20245K, committed 20672K, reserved 1048576K
}
Event: 89.959 GC heap before
{Heap before GC invocations=72 (full 0):
 garbage-first heap   total 273408K, used 228237K [0x0000000080000000, 0x0000000100000000)
  region size 1024K, 78 young (79872K), 5 survivors (5120K)
 Metaspace       used 161389K, committed 162304K, reserved 1245184K
  class space    used 21060K, committed 21504K, reserved 1048576K
}
Event: 90.322 GC heap after
{Heap after GC invocations=73 (full 0):
 garbage-first heap   total 273408K, used 158146K [0x0000000080000000, 0x0000000100000000)
  region size 1024K, 9 young (9216K), 9 survivors (9216K)
 Metaspace       used 161389K, committed 162304K, reserved 1245184K
  class space    used 21060K, committed 21504K, reserved 1048576K
}
Event: 91.845 GC heap before
{Heap before GC invocations=73 (full 0):
 garbage-first heap   total 273408K, used 171458K [0x0000000080000000, 0x0000000100000000)
  region size 1024K, 22 young (22528K), 9 survivors (9216K)
 Metaspace       used 162006K, committed 162880K, reserved 1245184K
  class space    used 21138K, committed 21568K, reserved 1048576K
}
Event: 92.607 GC heap after
{Heap after GC invocations=74 (full 0):
 garbage-first heap   total 273408K, used 159800K [0x0000000080000000, 0x0000000100000000)
  region size 1024K, 3 young (3072K), 3 survivors (3072K)
 Metaspace       used 162006K, committed 162880K, reserved 1245184K
  class space    used 21138K, committed 21568K, reserved 1048576K
}
Event: 94.436 GC heap before
{Heap before GC invocations=75 (full 0):
 garbage-first heap   total 273408K, used 174136K [0x0000000080000000, 0x0000000100000000)
  region size 1024K, 21 young (21504K), 3 survivors (3072K)
 Metaspace       used 163205K, committed 164096K, reserved 1245184K
  class space    used 21248K, committed 21696K, reserved 1048576K
}
Event: 94.626 GC heap after
{Heap after GC invocations=76 (full 0):
 garbage-first heap   total 273408K, used 159950K [0x0000000080000000, 0x0000000100000000)
  region size 1024K, 3 young (3072K), 3 survivors (3072K)
 Metaspace       used 163205K, committed 164096K, reserved 1245184K
  class space    used 21248K, committed 21696K, reserved 1048576K
}
Event: 98.773 GC heap before
{Heap before GC invocations=76 (full 0):
 garbage-first heap   total 273408K, used 174286K [0x0000000080000000, 0x0000000100000000)
  region size 1024K, 13 young (13312K), 3 survivors (3072K)
 Metaspace       used 164673K, committed 165568K, reserved 1245184K
  class space    used 21392K, committed 21824K, reserved 1048576K
}
Event: 98.786 GC heap after
{Heap after GC invocations=77 (full 0):
 garbage-first heap   total 273408K, used 150640K [0x0000000080000000, 0x0000000100000000)
  region size 1024K, 1 young (1024K), 1 survivors (1024K)
 Metaspace       used 164673K, committed 165568K, reserved 1245184K
  class space    used 21392K, committed 21824K, reserved 1048576K
}
Event: 117.428 GC heap before
{Heap before GC invocations=77 (full 0):
 garbage-first heap   total 273408K, used 207984K [0x0000000080000000, 0x0000000100000000)
  region size 1024K, 58 young (59392K), 1 survivors (1024K)
 Metaspace       used 172579K, committed 173504K, reserved 1245184K
  class space    used 22377K, committed 22848K, reserved 1048576K
}
Event: 117.442 GC heap after
{Heap after GC invocations=78 (full 0):
 garbage-first heap   total 273408K, used 157240K [0x0000000080000000, 0x0000000100000000)
  region size 1024K, 8 young (8192K), 8 survivors (8192K)
 Metaspace       used 172579K, committed 173504K, reserved 1245184K
  class space    used 22377K, committed 22848K, reserved 1048576K
}
Event: 117.733 GC heap before
{Heap before GC invocations=78 (full 0):
 garbage-first heap   total 273408K, used 163384K [0x0000000080000000, 0x0000000100000000)
  region size 1024K, 14 young (14336K), 8 survivors (8192K)
 Metaspace       used 172702K, committed 173632K, reserved 1245184K
  class space    used 22394K, committed 22848K, reserved 1048576K
}
Event: 117.753 GC heap after
{Heap after GC invocations=79 (full 0):
 garbage-first heap   total 273408K, used 159039K [0x0000000080000000, 0x0000000100000000)
  region size 1024K, 2 young (2048K), 2 survivors (2048K)
 Metaspace       used 172702K, committed 173632K, reserved 1245184K
  class space    used 22394K, committed 22848K, reserved 1048576K
}
Event: 118.827 GC heap before
{Heap before GC invocations=79 (full 0):
 garbage-first heap   total 273408K, used 213311K [0x0000000080000000, 0x0000000100000000)
  region size 1024K, 55 young (56320K), 2 survivors (2048K)
 Metaspace       used 172846K, committed 173760K, reserved 1245184K
  class space    used 22402K, committed 22848K, reserved 1048576K
}

